<?xml version="1.0" encoding="UTF-8"?>
<testsuite xmlns:xsi="http://www.w3.org/2001/XMLSchema-instance" xsi:noNamespaceSchemaLocation="https://maven.apache.org/surefire/maven-surefire-plugin/xsd/surefire-test-report-3.0.xsd" version="3.0" name="org.donatien.StreamLambdaHandlerTest" time="3.926" tests="2" errors="0" skipped="0" failures="0">
  <properties>
[...]
</properties>
  <testcase name="ping_streamRequest_respondsWithHello" classname="org.donatien.StreamLambdaHandlerTest" time="0.095">
    <system-out><![CDATA[14:46:03.445 [main] INFO com.amazonaws.serverless.proxy.internal.LambdaContainerHandler -- Starting Lambda Container Handler

  .   ____          _            __ _ _
 /\\ / ___'_ __ _ _(_)_ __  __ _ \ \ \ \
( ( )\___ | '_ | '_| | '_ \/ _` | \ \ \ \
 \\/  ___)| |_)| | | | | || (_| |  ) ) ) )
  '  |____| .__|_| |_|_| |_\__, | / / / /
 =========|_|==============|___/=/_/_/_/
 :: Spring Boot ::                (v3.1.2)

2024-03-28T14:46:03.945-04:00  INFO 75126 --- [           main] o.a.maven.surefire.booter.ForkedBooter   : Starting ForkedBooter v3.0.0 using Java 17.0.6 with PID 75126 (started by macosmonterey in /Users/macosmonterey/Desktop/projects/spring-boot-lambda)
2024-03-28T14:46:03.946-04:00  INFO 75126 --- [           main] o.a.maven.surefire.booter.ForkedBooter   : No active profile set, falling back to 1 default profile: "default"
2024-03-28T14:46:04.489-04:00  INFO 75126 --- [           main] .s.d.r.c.RepositoryConfigurationDelegate : Bootstrapping Spring Data JPA repositories in DEFAULT mode.
2024-03-28T14:46:04.546-04:00  INFO 75126 --- [           main] .s.d.r.c.RepositoryConfigurationDelegate : Finished Spring Data repository scanning in 47 ms. Found 1 JPA repository interfaces.
2024-03-28T14:46:04.845-04:00  INFO 75126 --- [           main] c.a.s.p.i.servlet.AwsServletContext      : Initializing Spring embedded WebApplicationContext
2024-03-28T14:46:04.847-04:00  INFO 75126 --- [           main] w.s.c.ServletWebServerApplicationContext : Root WebApplicationContext: initialization completed in 861 ms
2024-03-28T14:46:04.977-04:00  INFO 75126 --- [           main] com.zaxxer.hikari.HikariDataSource       : HikariPool-1 - Starting...
2024-03-28T14:46:05.148-04:00  INFO 75126 --- [           main] com.zaxxer.hikari.pool.HikariPool        : HikariPool-1 - Added connection conn0: url=jdbc:h2:mem:7419b2a7-3534-4969-b33f-a07a421126fd user=SA
2024-03-28T14:46:05.150-04:00  INFO 75126 --- [           main] com.zaxxer.hikari.HikariDataSource       : HikariPool-1 - Start completed.
2024-03-28T14:46:05.189-04:00  INFO 75126 --- [           main] o.hibernate.jpa.internal.util.LogHelper  : HHH000204: Processing PersistenceUnitInfo [name: default]
2024-03-28T14:46:05.230-04:00  INFO 75126 --- [           main] org.hibernate.Version                    : HHH000412: Hibernate ORM core version 6.2.6.Final
2024-03-28T14:46:05.232-04:00  INFO 75126 --- [           main] org.hibernate.cfg.Environment            : HHH000406: Using bytecode reflection optimizer
2024-03-28T14:46:05.367-04:00  INFO 75126 --- [           main] o.h.b.i.BytecodeProviderInitiator        : HHH000021: Bytecode provider name : bytebuddy
2024-03-28T14:46:05.479-04:00  INFO 75126 --- [           main] o.s.o.j.p.SpringPersistenceUnitInfo      : No LoadTimeWeaver setup: ignoring JPA class transformer
2024-03-28T14:46:05.668-04:00  INFO 75126 --- [           main] o.h.b.i.BytecodeProviderInitiator        : HHH000021: Bytecode provider name : bytebuddy
2024-03-28T14:46:06.194-04:00  INFO 75126 --- [           main] o.h.e.t.j.p.i.JtaPlatformInitiator       : HHH000490: Using JtaPlatform implementation: [org.hibernate.engine.transaction.jta.platform.internal.NoJtaPlatform]
2024-03-28T14:46:06.227-04:00  INFO 75126 --- [           main] j.LocalContainerEntityManagerFactoryBean : Initialized JPA EntityManagerFactory for persistence unit 'default'
2024-03-28T14:46:06.452-04:00  WARN 75126 --- [           main] JpaBaseConfiguration$JpaWebConfiguration : spring.jpa.open-in-view is enabled by default. Therefore, database queries may be performed during view rendering. Explicitly configure spring.jpa.open-in-view to disable this warning
2024-03-28T14:46:06.828-04:00  INFO 75126 --- [           main] o.a.maven.surefire.booter.ForkedBooter   : Started ForkedBooter in 3.165 seconds (process running for 4.104)
2024-03-28T14:46:07.032-04:00  INFO 75126 --- [           main] c.a.s.p.i.servlet.AwsServletContext      : Initializing Spring DispatcherServlet 'dispatcherServlet'
2024-03-28T14:46:07.033-04:00  INFO 75126 --- [           main] o.s.web.servlet.DispatcherServlet        : Initializing Servlet 'dispatcherServlet'
2024-03-28T14:46:07.034-04:00  INFO 75126 --- [           main] o.s.web.servlet.DispatcherServlet        : Completed initialization in 1 ms
2024-03-28T14:46:07.117-04:00  INFO 75126 --- [           main] c.a.s.p.internal.LambdaContainerHandler  : 127.0.0.1 null- null [28/03/2024:18:46:07-0400] "GET /ping HTTP/1.1" 200 24 "-" "-" combined
]]></system-out>
  </testcase>
  <testcase name="invalidResource_streamRequest_responds404" classname="org.donatien.StreamLambdaHandlerTest" time="0.004">
    <system-out><![CDATA[2024-03-28T14:46:07.139-04:00  WARN 75126 --- [           main] o.s.web.servlet.PageNotFound             : No mapping for GET /pong
2024-03-28T14:46:07.140-04:00  INFO 75126 --- [           main] c.a.s.p.internal.LambdaContainerHandler  : 127.0.0.1 null- null [28/03/2024:18:46:07-0400] "GET /pong HTTP/1.1" 404 - "-" "-" combined
]]></system-out>
  </testcase>
</testsuite>